[debug] [2025-02-28T07:32:21.842Z] ----------------------------------------------------------------------
[debug] [2025-02-28T07:32:21.851Z] Command:       C:\Program Files\nodejs\node.exe C:\Users\navyaan\AppData\Roaming\npm\node_modules\firebase-tools\lib\bin\firebase.js init
[debug] [2025-02-28T07:32:21.851Z] CLI Version:   13.29.1
[debug] [2025-02-28T07:32:21.851Z] Platform:      win32
[debug] [2025-02-28T07:32:21.852Z] Node Version:  v22.12.0
[debug] [2025-02-28T07:32:21.852Z] Time:          Fri Feb 28 2025 12:32:21 GMT+0500 (Pakistan Standard Time)
[debug] [2025-02-28T07:32:21.852Z] ----------------------------------------------------------------------
[debug] 
[debug] [2025-02-28T07:32:21.877Z] >>> [apiv2][query] GET https://firebase-public.firebaseio.com/cli.json [none]
[debug] [2025-02-28T07:32:22.087Z] > command requires scopes: ["email","openid","https://www.googleapis.com/auth/cloudplatformprojects.readonly","https://www.googleapis.com/auth/firebase","https://www.googleapis.com/auth/cloud-platform"]
[debug] [2025-02-28T07:32:22.087Z] > authorizing via signed-in user (navyaanzaheen@gmail.com)
[info] 
     ######## #### ########  ######## ########     ###     ######  ########
     ##        ##  ##     ## ##       ##     ##  ##   ##  ##       ##
     ######    ##  ########  ######   ########  #########  ######  ######
     ##        ##  ##    ##  ##       ##     ## ##     ##       ## ##
     ##       #### ##     ## ######## ########  ##     ##  ######  ########

You're about to initialize a Firebase project in this directory:

  D:\React\React_Projects\projects

Before we get started, keep in mind:

  * You are initializing within an existing Firebase project directory

[debug] [2025-02-28T07:32:26.120Z] <<< [apiv2][status] GET https://firebase-public.firebaseio.com/cli.json 200
[debug] [2025-02-28T07:32:26.121Z] <<< [apiv2][body] GET https://firebase-public.firebaseio.com/cli.json {"cloudBuildErrorAfter":1594252800000,"cloudBuildWarnAfter":1590019200000,"defaultNode10After":1594252800000,"minVersion":"3.0.5","node8DeploysDisabledAfter":1613390400000,"node8RuntimeDisabledAfter":1615809600000,"node8WarnAfter":1600128000000}
[info] 
=== Project Setup
[info] 
[info] First, let's associate this project directory with a Firebase project.
[info] You can create multiple project aliases by running firebase use --add, 
[info] but for now we'll just set up a default project.
[info] 
[debug] [2025-02-28T07:33:11.723Z] Using project from CLI flag: navyaan-patel
[debug] [2025-02-28T07:33:11.724Z] Checked if tokens are valid: false, expires at: 1739780072830
[debug] [2025-02-28T07:33:11.725Z] Checked if tokens are valid: false, expires at: 1739780072830
[debug] [2025-02-28T07:33:11.725Z] > refreshing access token with scopes: []
[debug] [2025-02-28T07:33:11.727Z] >>> [apiv2][query] POST https://www.googleapis.com/oauth2/v3/token [none]
[debug] [2025-02-28T07:33:11.727Z] >>> [apiv2][body] POST https://www.googleapis.com/oauth2/v3/token [omitted]
[debug] [2025-02-28T07:33:12.699Z] <<< [apiv2][status] POST https://www.googleapis.com/oauth2/v3/token 200
[debug] [2025-02-28T07:33:12.700Z] <<< [apiv2][body] POST https://www.googleapis.com/oauth2/v3/token [omitted]
[debug] [2025-02-28T07:33:12.764Z] >>> [apiv2][query] GET https://firebase.googleapis.com/v1beta1/projects/navyaan-patel [none]
[debug] [2025-02-28T07:33:13.723Z] <<< [apiv2][status] GET https://firebase.googleapis.com/v1beta1/projects/navyaan-patel 200
[debug] [2025-02-28T07:33:13.723Z] <<< [apiv2][body] GET https://firebase.googleapis.com/v1beta1/projects/navyaan-patel {"projectId":"navyaan-patel","projectNumber":"451967589926","displayName":"navyaanpatel","name":"projects/navyaan-patel","resources":{"hostingSite":"navyaan-patel"},"state":"ACTIVE","etag":"1_c5317ed9-8ecd-44a8-88de-ac322d6f8781"}
[info] i  Using project navyaan-patel (navyaanpatel) 
[info] 
=== Hosting Setup
[debug] [2025-02-28T07:33:13.793Z] Checked if tokens are valid: true, expires at: 1740731591700
[debug] [2025-02-28T07:33:13.793Z] Checked if tokens are valid: true, expires at: 1740731591700
[debug] [2025-02-28T07:33:13.794Z] >>> [apiv2][query] GET https://firebase.googleapis.com/v1beta1/projects/navyaan-patel [none]
[debug] [2025-02-28T07:33:14.311Z] <<< [apiv2][status] GET https://firebase.googleapis.com/v1beta1/projects/navyaan-patel 200
[debug] [2025-02-28T07:33:14.311Z] <<< [apiv2][body] GET https://firebase.googleapis.com/v1beta1/projects/navyaan-patel {"projectId":"navyaan-patel","projectNumber":"451967589926","displayName":"navyaanpatel","name":"projects/navyaan-patel","resources":{"hostingSite":"navyaan-patel"},"state":"ACTIVE","etag":"1_c5317ed9-8ecd-44a8-88de-ac322d6f8781"}
[info] 
[info] Your public directory is the folder (relative to your project directory) that
[info] will contain Hosting assets to be uploaded with firebase deploy. If you
[info] have a build process for your assets, use your build's output directory.
[info] 
[debug] [2025-02-28T07:34:19.498Z] >>> [apiv2][query] GET https://www.gstatic.com/firebasejs/releases.json [none]
[debug] [2025-02-28T07:34:20.309Z] <<< [apiv2][status] GET https://www.gstatic.com/firebasejs/releases.json 200
[debug] [2025-02-28T07:34:20.309Z] <<< [apiv2][body] GET https://www.gstatic.com/firebasejs/releases.json {"current":{"version":"11.4.0","browserURL":"https://www.gstatic.com/firebasejs/11.4.0/firebase.js","packageURL":"https://www.gstatic.com/firebasejs/11.4.0/firebase.tgz"},"live":{"version":"11.4","browserURL":"https://www.gstatic.com/firebasejs/live/11.4/firebase.js","packageURL":"https://www.gstatic.com/firebasejs/live/11.4/firebase.tgz"},"components":{"analytics":"https://www.gstatic.com/firebasejs/11.4.0/firebase-analytics.js","app":"https://www.gstatic.com/firebasejs/11.4.0/firebase-app.js","app-check":"https://www.gstatic.com/firebasejs/11.4.0/firebase-app-check.js","auth":"https://www.gstatic.com/firebasejs/11.4.0/firebase-auth.js","auth/cordova":"https://www.gstatic.com/firebasejs/11.4.0/firebase-auth/cordova.js","auth/web-extension":"https://www.gstatic.com/firebasejs/11.4.0/firebase-auth/web-extension.js","functions":"https://www.gstatic.com/firebasejs/11.4.0/firebase-functions.js","firestore":"https://www.gstatic.com/firebasejs/11.4.0/firebase-firestore.js","firestore/lite":"https://www.gstatic.com/firebasejs/11.4.0/firebase-firestore/lite.js","installations":"https://www.gstatic.com/firebasejs/11.4.0/firebase-installations.js","storage":"https://www.gstatic.com/firebasejs/11.4.0/firebase-storage.js","performance":"https://www.gstatic.com/firebasejs/11.4.0/firebase-performance.js","remote-config":"https://www.gstatic.com/firebasejs/11.4.0/firebase-remote-config.js","messaging":"https://www.gstatic.com/firebasejs/11.4.0/firebase-messaging.js","messaging/sw":"https://www.gstatic.com/firebasejs/11.4.0/firebase-messaging/sw.js","database":"https://www.gstatic.com/firebasejs/11.4.0/firebase-database.js","vertexai":"https://www.gstatic.com/firebasejs/11.4.0/firebase-vertexai.js","data-connect":"https://www.gstatic.com/firebasejs/11.4.0/firebase-data-connect.js","firestore.memory":"https://www.gstatic.com/firebasejs/11.4.0/firebase-firestore.memory.js"}}
[info] i  Skipping write of build/index.html 
[info] 
[info] i  Detected a .git folder at D:\React\React_Projects\projects 
[info] i  Authorizing with GitHub to upload your service account to a GitHub repository's secrets store. 
[info] 
[info] Visit this URL on this device to log in:
[info] https://github.com/login/oauth/authorize?client_id=89cf50f02ac6aaed3484&state=511838521&redirect_uri=http%3A%2F%2Flocalhost%3A9005&scope=read%3Auser%20repo%20public_repo
[info] 
[info] Waiting for authentication...
[debug] [2025-02-28T07:36:58.334Z] >>> [apiv2][query] POST https://github.com/login/oauth/access_token [none]
[debug] [2025-02-28T07:36:58.335Z] >>> [apiv2][body] POST https://github.com/login/oauth/access_token [stream]
[debug] [2025-02-28T07:36:58.822Z] <<< [apiv2][status] POST https://github.com/login/oauth/access_token 200
[debug] [2025-02-28T07:36:58.823Z] <<< [apiv2][body] POST https://github.com/login/oauth/access_token {"access_token":"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","token_type":"bearer","scope":"read:user,repo"}
[debug] [2025-02-28T07:36:58.894Z] >>> [apiv2][query] GET https://api.github.com/user [none]
[debug] [2025-02-28T07:36:59.687Z] <<< [apiv2][status] GET https://api.github.com/user 200
[debug] [2025-02-28T07:36:59.688Z] <<< [apiv2][body] GET https://api.github.com/user {"login":"navyaanzaheen","id":188288438,"node_id":"U_kgDOCzkNtg","avatar_url":"https://avatars.githubusercontent.com/u/188288438?v=4","gravatar_id":"","url":"https://api.github.com/users/navyaanzaheen","html_url":"https://github.com/navyaanzaheen","followers_url":"https://api.github.com/users/navyaanzaheen/followers","following_url":"https://api.github.com/users/navyaanzaheen/following{/other_user}","gists_url":"https://api.github.com/users/navyaanzaheen/gists{/gist_id}","starred_url":"https://api.github.com/users/navyaanzaheen/starred{/owner}{/repo}","subscriptions_url":"https://api.github.com/users/navyaanzaheen/subscriptions","organizations_url":"https://api.github.com/users/navyaanzaheen/orgs","repos_url":"https://api.github.com/users/navyaanzaheen/repos","events_url":"https://api.github.com/users/navyaanzaheen/events{/privacy}","received_events_url":"https://api.github.com/users/navyaanzaheen/received_events","type":"User","user_view_type":"private","site_admin":false,"name":null,"company":null,"blog":"","location":null,"email":null,"hireable":null,"bio":null,"twitter_username":null,"notification_email":null,"public_repos":10,"public_gists":0,"followers":0,"following":0,"created_at":"2024-11-13T04:02:34Z","updated_at":"2025-02-17T14:44:29Z","private_gists":0,"total_private_repos":0,"owned_private_repos":0,"disk_usage":27383,"collaborators":0,"two_factor_authentication":false,"plan":{"name":"free","space":976562499,"collaborators":0,"private_repos":10000}}
[info] 
[info] +  Success! Logged into GitHub as navyaanzaheen 
[info] 
